<?xml version="1.0" encoding="UTF-8"?>
<!-- Generated by org.testng.reporters.JUnitReportReporter -->
<testsuite hostname="MacBook-Pro.local" name="test.DriverClass" tests="1" failures="0" timestamp="6 Nov 2018 16:38:04 GMT" time="0.402" errors="0">
  <testcase name="driver" time="0.402" classname="test.DriverClass"/>
</testsuite> <!-- test.DriverClass -->
