<?xml version="1.0" encoding="UTF-8"?>
<!-- Generated by org.testng.reporters.JUnitReportReporter -->
<testsuite hostname="MacBook-Pro.local" name="test.ExcelProblem" tests="1" failures="0" timestamp="5 Nov 2018 06:58:23 GMT" time="0.307" errors="0">
  <testcase name="ExcelTask" time="0.307" classname="test.ExcelProblem"/>
</testsuite> <!-- test.ExcelProblem -->
