<?xml version="1.0" encoding="UTF-8"?>
<!-- Generated by org.testng.reporters.JUnitReportReporter -->
<testsuite hostname="MacBook-Pro.local" name="test.DriverClass" tests="1" failures="0" timestamp="5 Nov 2018 13:18:18 GMT" time="0.411" errors="0">
  <testcase name="driver" time="0.411" classname="test.DriverClass"/>
</testsuite> <!-- test.DriverClass -->
